0 info it worked if it ends with ok
1 verbose cli [ 'd:\\AppDev\\NodeJS\\node.exe',
1 verbose cli   'd:\\AppDev\\NodeJS\\node_modules\\npm\\bin\\npm-cli.js',
1 verbose cli   'start' ]
2 info using npm@3.3.12
3 info using node@v5.5.0
4 verbose run-script [ 'prestart', 'start', 'poststart' ]
5 info lifecycle potfolio2@1.0.0~prestart: potfolio2@1.0.0
6 silly lifecycle potfolio2@1.0.0~prestart: no script for prestart, continuing
7 info lifecycle potfolio2@1.0.0~start: potfolio2@1.0.0
8 verbose lifecycle potfolio2@1.0.0~start: unsafe-perm in lifecycle true
9 verbose lifecycle potfolio2@1.0.0~start: PATH: d:\AppDev\NodeJS\node_modules\npm\bin\node-gyp-bin;d:\AppDev\Git\potfolio2\node_modules\.bin;c:\Users\Russell Elfenbein\bin;.;C:\Program Files (x86)\Git\local\bin;C:\Program Files (x86)\Git\mingw\bin;C:\Program Files (x86)\Git\bin;C:\Program Files (x86)\Git\bin;c:\Program Files (x86)\Intel\iCLS Client\;c:\Program Files\Intel\iCLS Client\;c:\Windows\system32;c:\Windows;c:\Windows\System32\Wbem;c:\Windows\System32\WindowsPowerShell\v1.0\;c:\Program Files\Intel\Intel(R) Management Engine Components\DAL;c:\Program Files (x86)\Intel\Intel(R) Management Engine Components\DAL;c:\Program Files\Intel\Intel(R) Management Engine Components\IPT;c:\Program Files (x86)\Intel\Intel(R) Management Engine Components\IPT;c:\Program Files\Intel\WiFi\bin\;c:\Program Files\Common Files\Intel\WirelessCommon\;c:\Program Files (x86)\Windows Live\Shared;c:\Program Files\cURL\bin;c:\Program Files (x86)\Windows Kits\8.1\Windows Performance Toolkit\;c:\Users\Russell Elfenbein\.dnx\bin;c:\Program Files\Microsoft DNX\Dnvm\;c:\Program Files (x86)\Windows Kits\10\Windows Performance Toolkit\;c:\Program Files (x86)\NVIDIA Corporation\PhysX\Common;c:\WINDOWS\system32;c:\WINDOWS;c:\WINDOWS\System32\Wbem;c:\WINDOWS\System32\WindowsPowerShell\v1.0\;c:\Program Files (x86)\Heroku\bin;C:\Program Files (x86)\Git\cmd;d:\AppDev\NodeJS\;c:\Go\bin;c:\Users\Russell Elfenbein\AppData\Local\atom\bin;c:\Python27\;c:\Python27\Scripts;c:\Users\Russell Elfenbein\AppData\Roaming\npm;d:\AppDev\MongoDB\bin\mongo.exe;%USERPROFILE%\AppData\Local\Microsoft\WindowsApps;.
10 verbose lifecycle potfolio2@1.0.0~start: CWD: d:\AppDev\Git\potfolio2
11 silly lifecycle potfolio2@1.0.0~start: Args: [ '/d /s /c', 'node server.js' ]
12 silly lifecycle potfolio2@1.0.0~start: Returned: code: 1  signal: null
13 info lifecycle potfolio2@1.0.0~start: Failed to exec start script
14 verbose stack Error: potfolio2@1.0.0 start: `node server.js`
14 verbose stack Exit status 1
14 verbose stack     at EventEmitter.<anonymous> (d:\AppDev\NodeJS\node_modules\npm\lib\utils\lifecycle.js:232:16)
14 verbose stack     at emitTwo (events.js:100:13)
14 verbose stack     at EventEmitter.emit (events.js:185:7)
14 verbose stack     at ChildProcess.<anonymous> (d:\AppDev\NodeJS\node_modules\npm\lib\utils\spawn.js:24:14)
14 verbose stack     at emitTwo (events.js:100:13)
14 verbose stack     at ChildProcess.emit (events.js:185:7)
14 verbose stack     at maybeClose (internal/child_process.js:821:16)
14 verbose stack     at Process.ChildProcess._handle.onexit (internal/child_process.js:211:5)
15 verbose pkgid potfolio2@1.0.0
16 verbose cwd d:\AppDev\Git\potfolio2
17 error Windows_NT 10.0.14393
18 error argv "d:\\AppDev\\NodeJS\\node.exe" "d:\\AppDev\\NodeJS\\node_modules\\npm\\bin\\npm-cli.js" "start"
19 error node v5.5.0
20 error npm  v3.3.12
21 error code ELIFECYCLE
22 error potfolio2@1.0.0 start: `node server.js`
22 error Exit status 1
23 error Failed at the potfolio2@1.0.0 start script 'node server.js'.
23 error Make sure you have the latest version of node.js and npm installed.
23 error If you do, this is most likely a problem with the potfolio2 package,
23 error not with npm itself.
23 error Tell the author that this fails on your system:
23 error     node server.js
23 error You can get their info via:
23 error     npm owner ls potfolio2
23 error There is likely additional logging output above.
24 verbose exit [ 1, true ]
